c:\users\fiercepc\onedrive - university of lincoln\assessments\games programming\assessment\assessment\debug\vc142.pdb
c:\users\fiercepc\onedrive - university of lincoln\assessments\games programming\assessment\assessment\debug\vc142.idb
c:\users\fiercepc\onedrive - university of lincoln\assessments\games programming\assessment\assessment\debug\shootprojectilecomponent.obj
c:\users\fiercepc\onedrive - university of lincoln\assessments\games programming\assessment\assessment\debug\screentext.obj
c:\users\fiercepc\onedrive - university of lincoln\assessments\games programming\assessment\assessment\debug\rotatetowardscomponent.obj
c:\users\fiercepc\onedrive - university of lincoln\assessments\games programming\assessment\assessment\debug\rotatetankcomponent.obj
c:\users\fiercepc\onedrive - university of lincoln\assessments\games programming\assessment\assessment\debug\revertmovementccomponent.obj
c:\users\fiercepc\onedrive - university of lincoln\assessments\games programming\assessment\assessment\debug\reflectccomponent.obj
c:\users\fiercepc\onedrive - university of lincoln\assessments\games programming\assessment\assessment\debug\moveturretcomponent.obj
c:\users\fiercepc\onedrive - university of lincoln\assessments\games programming\assessment\assessment\debug\movetowardscomponent.obj
c:\users\fiercepc\onedrive - university of lincoln\assessments\games programming\assessment\assessment\debug\movetankcomponent.obj
c:\users\fiercepc\onedrive - university of lincoln\assessments\games programming\assessment\assessment\debug\loginspatialgridcomponent.obj
c:\users\fiercepc\onedrive - university of lincoln\assessments\games programming\assessment\assessment\debug\keyboardhandler.obj
c:\users\fiercepc\onedrive - university of lincoln\assessments\games programming\assessment\assessment\debug\item.obj
c:\users\fiercepc\onedrive - university of lincoln\assessments\games programming\assessment\assessment\debug\inventory.obj
c:\users\fiercepc\onedrive - university of lincoln\assessments\games programming\assessment\assessment\debug\gameobjectbehaviour.obj
c:\users\fiercepc\onedrive - university of lincoln\assessments\games programming\assessment\assessment\debug\gameobject.obj
c:\users\fiercepc\onedrive - university of lincoln\assessments\games programming\assessment\assessment\debug\gamecomponentbehaviour.obj
c:\users\fiercepc\onedrive - university of lincoln\assessments\games programming\assessment\assessment\debug\astarpathcomponent.obj
c:\users\fiercepc\onedrive - university of lincoln\assessments\games programming\assessment\assessment\debug\assessment.obj
c:\users\fiercepc\onedrive - university of lincoln\assessments\games programming\assessment\assessment\debug\animatetanktrackcomponent.obj
c:\users\fiercepc\onedrive - university of lincoln\assessments\games programming\assessment\assessment\debug\animateshotcomponent.obj
c:\users\fiercepc\onedrive - university of lincoln\assessments\games programming\assessment\assessment\debug\vector2d.obj
c:\users\fiercepc\onedrive - university of lincoln\assessments\games programming\assessment\assessment\debug\timer.obj
c:\users\fiercepc\onedrive - university of lincoln\assessments\games programming\assessment\assessment\debug\targettile.obj
c:\users\fiercepc\onedrive - university of lincoln\assessments\games programming\assessment\assessment\debug\sprite.obj
c:\users\fiercepc\onedrive - university of lincoln\assessments\games programming\assessment\assessment\debug\spatialgrid.obj
c:\users\fiercepc\onedrive - university of lincoln\assessments\games programming\assessment\assessment\debug\shootplayercomponent.obj
c:\users\fiercepc\onedrive - university of lincoln\assessments\games programming\assessment\assessment\debug\raycast.obj
c:\users\fiercepc\onedrive - university of lincoln\assessments\games programming\assessment\assessment\debug\animatetankexplosioncomponent.obj
c:\users\fiercepc\onedrive - university of lincoln\assessments\games programming\assessment\assessment\debug\mixer.obj
c:\users\fiercepc\onedrive - university of lincoln\assessments\games programming\assessment\assessment\debug\logger.obj
c:\users\fiercepc\onedrive - university of lincoln\assessments\games programming\assessment\debug\assessment.exe
c:\users\fiercepc\onedrive - university of lincoln\assessments\games programming\assessment\debug\assessment.ilk
c:\users\fiercepc\onedrive - university of lincoln\assessments\games programming\assessment\debug\assessment.pdb
c:\users\fiercepc\onedrive - university of lincoln\assessments\games programming\assessment\assessment\debug\assessment.tlog\cl.command.1.tlog
c:\users\fiercepc\onedrive - university of lincoln\assessments\games programming\assessment\assessment\debug\assessment.tlog\cl.read.1.tlog
c:\users\fiercepc\onedrive - university of lincoln\assessments\games programming\assessment\assessment\debug\assessment.tlog\cl.write.1.tlog
c:\users\fiercepc\onedrive - university of lincoln\assessments\games programming\assessment\assessment\debug\assessment.tlog\link.command.1.tlog
c:\users\fiercepc\onedrive - university of lincoln\assessments\games programming\assessment\assessment\debug\assessment.tlog\link.read.1.tlog
c:\users\fiercepc\onedrive - university of lincoln\assessments\games programming\assessment\assessment\debug\assessment.tlog\link.write.1.tlog
